Copyright 1986-2015 Xilinx, Inc. All Rights Reserved.
------------------------------------------------------------------------------------
| Tool Version : Vivado v.2015.3 (win64) Build 1368829 Mon Sep 28 20:06:43 MDT 2015
| Date         : Sun Dec 17 19:43:37 2017
| Host         : wyf running 64-bit Service Pack 1  (build 7601)
| Command      : report_control_sets -verbose -file top_control_sets_placed.rpt
| Design       : top
| Device       : xc7a35t
------------------------------------------------------------------------------------

Control Set Information

Table of Contents
-----------------
1. Summary
2. Flip-Flop Distribution
3. Detailed Control Set Information

1. Summary
----------

+-------------------------------------------------------------------+-------+
|                               Status                              | Count |
+-------------------------------------------------------------------+-------+
| Number of unique control sets                                     |    12 |
| Minimum Number of register sites lost to control set restrictions |    64 |
+-------------------------------------------------------------------+-------+


2. Flip-Flop Distribution
-------------------------

+--------------+-----------------------+------------------------+-----------------+--------------+
| Clock Enable | Synchronous Set/Reset | Asynchronous Set/Reset | Total Registers | Total Slices |
+--------------+-----------------------+------------------------+-----------------+--------------+
| No           | No                    | No                     |              79 |           41 |
| No           | No                    | Yes                    |              26 |            8 |
| No           | Yes                   | No                     |               0 |            0 |
| Yes          | No                    | No                     |               0 |            0 |
| Yes          | No                    | Yes                    |               7 |            4 |
| Yes          | Yes                   | No                     |               0 |            0 |
+--------------+-----------------------+------------------------+-----------------+--------------+


3. Detailed Control Set Information
-----------------------------------

+------------------------------------+-----------------------------+--------------------------------+------------------+----------------+
|            Clock Signal            |        Enable Signal        |        Set/Reset Signal        | Slice Load Count | Bel Load Count |
+------------------------------------+-----------------------------+--------------------------------+------------------+----------------+
| ~my_debouncing/test_button_in_OBUF |                             |                                |                1 |              1 |
|  my_CPU/my_ir/num_ctrl[4]_5        |                             |                                |                1 |              1 |
|  my_CPU/my_ir/data_reg[7]_4        |                             |                                |                1 |              1 |
|  my_CPU/my_ir/data_reg[0]          |                             |                                |                1 |              1 |
|  my_debouncing/test_button_in_OBUF |                             |                                |                2 |              2 |
|  my_CPU/my_ir/Addr_reg[1]_17[0]    |                             |                                |                1 |              2 |
|  my_clkdiv_190hz/CLK               |                             |                                |                1 |              4 |
|  my_CPU/my_ir/data_reg[7]_2        |                             |                                |                2 |              5 |
| ~test_CLK_OBUF_BUFG                | my_CPU/my_control_unit/E[0] | my_debouncing/key_sec_reg[0]_0 |                4 |              7 |
|  CLK_IBUF_BUFG                     |                             |                                |                5 |             19 |
|  CLK_IBUF_BUFG                     |                             | my_debouncing/key_sec_reg[0]_0 |                8 |             26 |
|  test_CLK_OBUF_BUFG                |                             |                                |               26 |             43 |
+------------------------------------+-----------------------------+--------------------------------+------------------+----------------+


